c:\users\justyna\desktop\good wersja\szablon\x64\debug\vc141.pdb
c:\users\justyna\desktop\good wersja\szablon\x64\debug\vc141.idb
c:\users\justyna\desktop\good wersja\szablon\x64\debug\main.obj
c:\users\justyna\desktop\good wersja\szablon\x64\debug\facememory.obj
c:\users\justyna\desktop\good wersja — kopia\szablon\x64\debug\vc141.pdb
c:\users\justyna\desktop\good wersja — kopia\szablon\x64\debug\vc141.idb
c:\users\justyna\desktop\good wersja — kopia\szablon\x64\debug\main.obj
c:\users\justyna\desktop\good wersja — kopia\szablon\x64\debug\facememory.obj
c:\users\justyna\desktop\good wersja\x64\debug\szablon.exe
c:\users\justyna\desktop\good wersja\x64\debug\szablon.ilk
c:\users\justyna\desktop\good wersja\x64\debug\szablon.pdb
c:\users\justyna\desktop\good wersja — kopia\x64\debug\szablon.exe
c:\users\justyna\desktop\good wersja — kopia\x64\debug\szablon.ilk
c:\users\justyna\desktop\good wersja — kopia\x64\debug\szablon.pdb
c:\users\justyna\desktop\good wersja — kopia\szablon\x64\debug\szablon.tlog\cl.command.1.tlog
c:\users\justyna\desktop\good wersja — kopia\szablon\x64\debug\szablon.tlog\cl.read.1.tlog
c:\users\justyna\desktop\good wersja — kopia\szablon\x64\debug\szablon.tlog\cl.write.1.tlog
c:\users\justyna\desktop\good wersja — kopia\szablon\x64\debug\szablon.tlog\link.command.1.tlog
c:\users\justyna\desktop\good wersja — kopia\szablon\x64\debug\szablon.tlog\link.read.1.tlog
c:\users\justyna\desktop\good wersja — kopia\szablon\x64\debug\szablon.tlog\link.write.1.tlog
